[0302/210658.422:ERROR:ssl_client_socket_impl.cc(947)] handshake failed; returned -1, SSL error code 1, net_error -101
[0302/210708.570:ERROR:ssl_client_socket_impl.cc(947)] handshake failed; returned -1, SSL error code 1, net_error -100
[0302/210719.642:ERROR:ssl_client_socket_impl.cc(947)] handshake failed; returned -1, SSL error code 1, net_error -100
[0302/210729.828:ERROR:ssl_client_socket_impl.cc(947)] handshake failed; returned -1, SSL error code 1, net_error -100
[0302/210826.549:ERROR:gpu_init.cc(426)] Passthrough is not supported, GL is disabled
[0302/211415.339:ERROR:ssl_client_socket_impl.cc(947)] handshake failed; returned -1, SSL error code 1, net_error -100
[0302/211425.578:ERROR:ssl_client_socket_impl.cc(947)] handshake failed; returned -1, SSL error code 1, net_error -100
[0302/212703.910:WARNING:dns_config_service_win.cc(712)] Failed to read DnsConfig.
[0302/212703.924:WARNING:dns_config_service_win.cc(712)] Failed to read DnsConfig.
[0302/212703.960:WARNING:dns_config_service_win.cc(712)] Failed to read DnsConfig.
[0302/212814.048:ERROR:cache_util_win.cc(20)] Unable to move the cache: ¾Ü¾ø·ÃÎÊ¡£ (0x5)
[0302/212814.049:ERROR:cache_util.cc(144)] Unable to move cache folder B:/UnrealProject/IntelligentFarm/Saved/webcache_4430\Cache to B:/UnrealProject/IntelligentFarm/Saved/webcache_4430\old_Cache_000
[0302/212814.049:ERROR:disk_cache.cc(184)] Unable to create cache
[0302/212825.594:WARNING:value_store_frontend.cc(45)] Reading mhjfbmdgcfjbbpaeojofohoefgiehjai.alarms from  failed: IO error: .../LOCK: File currently in use. (ChromeMethodBFE: 15::LockFile::2)
[0302/213013.793:ERROR:gpu_init.cc(426)] Passthrough is not supported, GL is disabled
[0302/214232.984:WARNING:spdy_session.cc(3431)] Received HEADERS for invalid stream 43
[0302/214232.987:WARNING:spdy_session.cc(3431)] Received HEADERS for invalid stream 45
[0302/214340.928:WARNING:gpu_process_host.cc(1296)] The GPU process has crashed 1 time(s)
[0302/214340.946:WARNING:gpu_process_host.cc(1296)] The GPU process has crashed 1 time(s)
[0302/214341.211:ERROR:network_service_instance_impl.cc(330)] Network service crashed, restarting service.
[0302/214341.494:ERROR:network_service_instance_impl.cc(330)] Network service crashed, restarting service.
[0302/214341.606:WARNING:gpu_process_host.cc(1016)] Reinitialized the GPU process after a crash. The reported initialization time was 238 ms
[0302/214341.813:WARNING:gpu_process_host.cc(1016)] Reinitialized the GPU process after a crash. The reported initialization time was 153 ms
[0302/214353.783:ERROR:cache_util_win.cc(20)] Unable to move the cache: ¾Ü¾ø·ÃÎÊ¡£ (0x5)
[0302/214353.783:ERROR:cache_util.cc(144)] Unable to move cache folder B:/UnrealProject/IntelligentFarm/Saved/webcache_4430\Cache to B:/UnrealProject/IntelligentFarm/Saved/webcache_4430\old_Cache_000
[0302/214353.783:ERROR:disk_cache.cc(184)] Unable to create cache
[0302/214553.477:ERROR:database.cc(1707)] Cookie sqlite error 2067, errno 0: UNIQUE constraint failed: cookies.host_key, cookies.name, cookies.path, sql: INSERT INTO cookies (creation_utc, host_key, name, value, path, expires_utc, is_secure, is_httponly, last_access_utc, has_expires, is_persistent, priority, encrypted_value, samesite, source_scheme, source_port, is_same_party) VALUES (?,?,?,?,?,?,?,?,?,?,?,?,?,?,?,?,?)
[0302/214651.644:ERROR:database.cc(1707)] Quota sqlite error 5, errno 33: database is locked, sql: COMMIT
[0302/214651.644:ERROR:database.cc(1707)] Quota sqlite error 1, errno 33: cannot start a transaction within a transaction, sql: BEGIN TRANSACTION
[0302/214714.285:WARNING:spdy_session.cc(3431)] Received HEADERS for invalid stream 109
[0302/214714.285:WARNING:spdy_session.cc(3431)] Received HEADERS for invalid stream 111
[0302/214714.285:WARNING:spdy_session.cc(3431)] Received HEADERS for invalid stream 117
[0302/214714.285:WARNING:spdy_session.cc(3431)] Received HEADERS for invalid stream 113
[0302/214714.285:WARNING:spdy_session.cc(3431)] Received HEADERS for invalid stream 115
[0302/214714.346:WARNING:spdy_session.cc(3431)] Received HEADERS for invalid stream 119
[0302/214714.548:WARNING:spdy_session.cc(3431)] Received HEADERS for invalid stream 121
